Build started 05/10/2017 02:05:03.
     1>Project "c:\Users\Flávio\documents\visual studio 2010\Projects\Trab02\Trab02\Trab02.vcxproj" on node 2 (build target(s)).
     1>InitializeBuildStatus:
         Touching "Debug\Trab02.unsuccessfulbuild".
       ClCompile:
         c:\Program Files (x86)\Microsoft Visual Studio 10.0\VC\bin\CL.exe /c /ZI /nologo /W3 /WX- /Od /Oy- /D WIN32 /D _DEBUG /D _CONSOLE /D _UNICODE /D UNICODE /Gm /EHsc /RTC1 /MDd /GS /fp:precise /Zc:wchar_t /Zc:forScope /Fo"Debug\\" /Fd"Debug\vc100.pdb" /Gd /TC /analyze- /errorReport:prompt TESTECDISC.c
         TESTECDISC.c
       ManifestResourceCompile:
         All outputs are up-to-date.
       Link:
         c:\Program Files (x86)\Microsoft Visual Studio 10.0\VC\bin\link.exe /ERRORREPORT:PROMPT /OUT:"c:\users\flávio\documents\visual studio 2010\Projects\Trab02\Debug\Trab02.exe" /INCREMENTAL /NOLOGO kernel32.lib user32.lib gdi32.lib winspool.lib comdlg32.lib advapi32.lib shell32.lib ole32.lib oleaut32.lib uuid.lib odbc32.lib odbccp32.lib /MANIFEST /ManifestFile:"Debug\Trab02.exe.intermediate.manifest" /MANIFESTUAC:"level='asInvoker' uiAccess='false'" /DEBUG /PDB:"c:\users\flávio\documents\visual studio 2010\Projects\Trab02\Debug\Trab02.pdb" /SUBSYSTEM:CONSOLE /TLBID:1 /DYNAMICBASE /NXCOMPAT /IMPLIB:"c:\users\flávio\documents\visual studio 2010\Projects\Trab02\Debug\Trab02.lib" /MACHINE:X86 Debug\Trab02.exe.embed.manifest.res
         Debug\aluno.obj
         Debug\corpodiscente.obj
         Debug\listas.obj
         Debug\TESTECDISC.obj
         "..\..\..\..\Arcabouço\simples\ArcaboucoTeste.lib"
     1>LINK : warning LNK4098: defaultlib 'LIBCMT' conflicts with use of other libs; use /NODEFAULTLIB:library
       Manifest:
         C:\Program Files (x86)\Microsoft SDKs\Windows\v7.0A\bin\mt.exe /nologo /verbose /out:"Debug\Trab02.exe.embed.manifest" /manifest Debug\Trab02.exe.intermediate.manifest
         C:\Program Files (x86)\Microsoft SDKs\Windows\v7.0A\bin\rc.exe /nologo /fo"Debug\Trab02.exe.embed.manifest.res" Debug\Trab02_manifest.rc 
       LinkEmbedManifest:
         c:\Program Files (x86)\Microsoft Visual Studio 10.0\VC\bin\link.exe /ERRORREPORT:PROMPT /OUT:"c:\users\flávio\documents\visual studio 2010\Projects\Trab02\Debug\Trab02.exe" /INCREMENTAL /NOLOGO kernel32.lib user32.lib gdi32.lib winspool.lib comdlg32.lib advapi32.lib shell32.lib ole32.lib oleaut32.lib uuid.lib odbc32.lib odbccp32.lib /MANIFEST /ManifestFile:"Debug\Trab02.exe.intermediate.manifest" /MANIFESTUAC:"level='asInvoker' uiAccess='false'" /DEBUG /PDB:"c:\users\flávio\documents\visual studio 2010\Projects\Trab02\Debug\Trab02.pdb" /SUBSYSTEM:CONSOLE /TLBID:1 /DYNAMICBASE /NXCOMPAT /IMPLIB:"c:\users\flávio\documents\visual studio 2010\Projects\Trab02\Debug\Trab02.lib" /MACHINE:X86 Debug\Trab02.exe.embed.manifest.res
         Debug\aluno.obj
         Debug\corpodiscente.obj
         Debug\listas.obj
         Debug\TESTECDISC.obj
         "..\..\..\..\Arcabouço\simples\ArcaboucoTeste.lib"
     1>LINK : warning LNK4098: defaultlib 'LIBCMT' conflicts with use of other libs; use /NODEFAULTLIB:library
         Trab02.vcxproj -> c:\users\flávio\documents\visual studio 2010\Projects\Trab02\Debug\Trab02.exe
       FinalizeBuildStatus:
         Deleting file "Debug\Trab02.unsuccessfulbuild".
         Touching "Debug\Trab02.lastbuildstate".
     1>Done Building Project "c:\Users\Flávio\documents\visual studio 2010\Projects\Trab02\Trab02\Trab02.vcxproj" (build target(s)).

Build succeeded.

Time Elapsed 00:00:00.65
