C:\PRINCIPAL\PRINCIPAL\DEBUG\LISTAS.OBJ
C:\PRINCIPAL\PRINCIPAL\DEBUG\PRINCIPAL.OBJ
C:\PRINCIPAL\PRINCIPAL\DEBUG\PROFESSOR.OBJ
C:\PRINCIPAL\PRINCIPAL\DEBUG\SALA.OBJ
C:\PRINCIPAL\PRINCIPAL\DEBUG\TURMA.OBJ
C:\PRINCIPAL\PRINCIPAL\DEBUG\VC100.PDB
C:\Users\Matheus\Documents\GitHub\Grupo2Modular\Principal\Debug\Principal.pdb
C:\USERS\MATHEUS\DOCUMENTS\GITHUB\GRUPO2MODULAR\PRINCIPAL\PRINCIPAL\DEBUG\ALUNO.OBJ
C:\Users\Matheus\Documents\GitHub\Grupo2Modular\Principal\Principal\Debug\cl.command.1.tlog
C:\Users\Matheus\Documents\GitHub\Grupo2Modular\Principal\Principal\Debug\CL.read.1.tlog
C:\Users\Matheus\Documents\GitHub\Grupo2Modular\Principal\Principal\Debug\CL.write.1.tlog
C:\USERS\MATHEUS\DOCUMENTS\GITHUB\GRUPO2MODULAR\PRINCIPAL\PRINCIPAL\DEBUG\DISCIPLINA.OBJ
C:\Users\Matheus\Documents\GitHub\Grupo2Modular\Principal\Principal\Debug\link.command.1.tlog
C:\Users\Matheus\Documents\GitHub\Grupo2Modular\Principal\Principal\Debug\link.read.1.tlog
C:\Users\Matheus\Documents\GitHub\Grupo2Modular\Principal\Principal\Debug\link.write.1.tlog
C:\Users\Matheus\Documents\GitHub\Grupo2Modular\Principal\Principal\Debug\link-cvtres.read.1.tlog
C:\Users\Matheus\Documents\GitHub\Grupo2Modular\Principal\Principal\Debug\link-cvtres.write.1.tlog
C:\USERS\MATHEUS\DOCUMENTS\GITHUB\GRUPO2MODULAR\PRINCIPAL\PRINCIPAL\DEBUG\LISTAS.OBJ
C:\USERS\MATHEUS\DOCUMENTS\GITHUB\GRUPO2MODULAR\PRINCIPAL\PRINCIPAL\DEBUG\MAIN.OBJ
C:\Users\Matheus\Documents\GitHub\Grupo2Modular\Principal\Principal\Debug\Principal.exe.embed.manifest
C:\USERS\MATHEUS\DOCUMENTS\GITHUB\GRUPO2MODULAR\PRINCIPAL\PRINCIPAL\DEBUG\PRINCIPAL.EXE.EMBED.MANIFEST.RES
C:\Users\Matheus\Documents\GitHub\Grupo2Modular\Principal\Principal\Debug\Principal.exe.intermediate.manifest
C:\Users\Matheus\Documents\GitHub\Grupo2Modular\Principal\Principal\Debug\principal.obj
C:\Users\Matheus\Documents\GitHub\Grupo2Modular\Principal\Principal\Debug\Principal.write.1.tlog
C:\Users\Matheus\Documents\GitHub\Grupo2Modular\Principal\Principal\Debug\Principal_manifest.rc
C:\USERS\MATHEUS\DOCUMENTS\GITHUB\GRUPO2MODULAR\PRINCIPAL\PRINCIPAL\DEBUG\PROFESSOR.OBJ
C:\Users\Matheus\Documents\GitHub\Grupo2Modular\Principal\Principal\Debug\rc.command.1.tlog
C:\Users\Matheus\Documents\GitHub\Grupo2Modular\Principal\Principal\Debug\rc.read.1.tlog
C:\Users\Matheus\Documents\GitHub\Grupo2Modular\Principal\Principal\Debug\rc.write.1.tlog
C:\USERS\MATHEUS\DOCUMENTS\GITHUB\GRUPO2MODULAR\PRINCIPAL\PRINCIPAL\DEBUG\SALA.OBJ
C:\USERS\MATHEUS\DOCUMENTS\GITHUB\GRUPO2MODULAR\PRINCIPAL\PRINCIPAL\DEBUG\TURMA.OBJ
C:\Users\Matheus\Documents\GitHub\Grupo2Modular\Principal\Principal\Debug\vc100.idb
C:\USERS\MATHEUS\DOCUMENTS\GITHUB\GRUPO2MODULAR\PRINCIPAL\PRINCIPAL\DEBUG\VC100.PDB
