Build started 11/09/2017 14:24:30.
     1>Project "C:\Users\Matheus\Desktop\Modulo Aluno\Modulo Aluno\Modulo Aluno\Modulo Aluno.vcxproj" on node 2 (build target(s)).
     1>PrepareForBuild:
         Creating directory "C:\Users\Matheus\Desktop\Modulo Aluno\Modulo Aluno\Debug\".
       InitializeBuildStatus:
         Creating "Debug\Modulo Aluno.unsuccessfulbuild" because "AlwaysCreate" was specified.
       ClCompile:
         C:\Program Files (x86)\Microsoft Visual Studio 10.0\VC\bin\CL.exe /c /ZI /nologo /W3 /WX- /Od /Oy- /D WIN32 /D _DEBUG /D _CONSOLE /D _UNICODE /D UNICODE /Gm /EHsc /RTC1 /MDd /GS /fp:precise /Zc:wchar_t /Zc:forScope /Fo"Debug\\" /Fd"Debug\vc100.pdb" /Gd /TC /analyze- /errorReport:prompt ..\..\Aluno.c ..\..\TESTALN.c
         TESTALN.c
     1>c:\users\matheus\desktop\modulo aluno\testaln.c(26): warning C4047: 'initializing' : 'int' differs in levels of indirection from 'void *'
     1>c:\users\matheus\desktop\modulo aluno\testaln.c(26): warning C4047: 'initializing' : 'int' differs in levels of indirection from 'void *'
     1>c:\users\matheus\desktop\modulo aluno\testaln.c(26): warning C4047: 'initializing' : 'int' differs in levels of indirection from 'void *'
     1>c:\users\matheus\desktop\modulo aluno\testaln.c(26): warning C4047: 'initializing' : 'int' differs in levels of indirection from 'void *'
     1>c:\users\matheus\desktop\modulo aluno\testaln.c(26): warning C4047: 'initializing' : 'int' differs in levels of indirection from 'void *'
     1>c:\users\matheus\desktop\modulo aluno\testaln.c(27): warning C4047: 'initializing' : 'int' differs in levels of indirection from 'void *'
     1>c:\users\matheus\desktop\modulo aluno\testaln.c(27): warning C4047: 'initializing' : 'int' differs in levels of indirection from 'void *'
     1>c:\users\matheus\desktop\modulo aluno\testaln.c(27): warning C4047: 'initializing' : 'int' differs in levels of indirection from 'void *'
     1>c:\users\matheus\desktop\modulo aluno\testaln.c(27): warning C4047: 'initializing' : 'int' differs in levels of indirection from 'void *'
     1>c:\users\matheus\desktop\modulo aluno\testaln.c(27): warning C4047: 'initializing' : 'int' differs in levels of indirection from 'void *'
     1>c:\users\matheus\desktop\modulo aluno\testaln.c(28): warning C4047: 'initializing' : 'char' differs in levels of indirection from 'void *'
     1>c:\users\matheus\desktop\modulo aluno\testaln.c(28): warning C4047: 'initializing' : 'char' differs in levels of indirection from 'void *'
     1>c:\users\matheus\desktop\modulo aluno\testaln.c(28): warning C4047: 'initializing' : 'char' differs in levels of indirection from 'void *'
     1>c:\users\matheus\desktop\modulo aluno\testaln.c(28): warning C4047: 'initializing' : 'char' differs in levels of indirection from 'void *'
     1>c:\users\matheus\desktop\modulo aluno\testaln.c(28): warning C4047: 'initializing' : 'char' differs in levels of indirection from 'void *'
     1>c:\users\matheus\desktop\modulo aluno\testaln.c(29): warning C4047: 'initializing' : 'char' differs in levels of indirection from 'void *'
     1>c:\users\matheus\desktop\modulo aluno\testaln.c(29): warning C4047: 'initializing' : 'char' differs in levels of indirection from 'void *'
     1>c:\users\matheus\desktop\modulo aluno\testaln.c(29): warning C4047: 'initializing' : 'char' differs in levels of indirection from 'void *'
     1>c:\users\matheus\desktop\modulo aluno\testaln.c(29): warning C4047: 'initializing' : 'char' differs in levels of indirection from 'void *'
     1>c:\users\matheus\desktop\modulo aluno\testaln.c(29): warning C4047: 'initializing' : 'char' differs in levels of indirection from 'void *'
         Aluno.c
         Generating Code...
       ManifestResourceCompile:
         C:\Program Files (x86)\Microsoft SDKs\Windows\v7.0A\bin\rc.exe /nologo /fo"Debug\Modulo Aluno.exe.embed.manifest.res" "Debug\Modulo Aluno_manifest.rc" 
       Link:
         C:\Program Files (x86)\Microsoft Visual Studio 10.0\VC\bin\link.exe /ERRORREPORT:PROMPT /OUT:"C:\Users\Matheus\Desktop\Modulo Aluno\Modulo Aluno\Debug\Modulo Aluno.exe" /INCREMENTAL /NOLOGO kernel32.lib user32.lib gdi32.lib winspool.lib comdlg32.lib advapi32.lib shell32.lib ole32.lib oleaut32.lib uuid.lib odbc32.lib odbccp32.lib /MANIFEST /ManifestFile:"Debug\Modulo Aluno.exe.intermediate.manifest" /MANIFESTUAC:"level='asInvoker' uiAccess='false'" /DEBUG /PDB:"C:\Users\Matheus\Desktop\Modulo Aluno\Modulo Aluno\Debug\Modulo Aluno.pdb" /SUBSYSTEM:CONSOLE /TLBID:1 /DYNAMICBASE /NXCOMPAT /IMPLIB:"C:\Users\Matheus\Desktop\Modulo Aluno\Modulo Aluno\Debug\Modulo Aluno.lib" /MACHINE:X86 "Debug\Modulo Aluno.exe.embed.manifest.res"
         Debug\Aluno.obj
         Debug\TESTALN.obj
         ..\..\ArcaboucoTeste.lib
     1>LINK : warning LNK4098: defaultlib 'LIBCMT' conflicts with use of other libs; use /NODEFAULTLIB:library
       Manifest:
         C:\Program Files (x86)\Microsoft SDKs\Windows\v7.0A\bin\mt.exe /nologo /verbose /out:"Debug\Modulo Aluno.exe.embed.manifest" /manifest "Debug\Modulo Aluno.exe.intermediate.manifest"
         C:\Program Files (x86)\Microsoft SDKs\Windows\v7.0A\bin\rc.exe /nologo /fo"Debug\Modulo Aluno.exe.embed.manifest.res" "Debug\Modulo Aluno_manifest.rc" 
       LinkEmbedManifest:
         C:\Program Files (x86)\Microsoft Visual Studio 10.0\VC\bin\link.exe /ERRORREPORT:PROMPT /OUT:"C:\Users\Matheus\Desktop\Modulo Aluno\Modulo Aluno\Debug\Modulo Aluno.exe" /INCREMENTAL /NOLOGO kernel32.lib user32.lib gdi32.lib winspool.lib comdlg32.lib advapi32.lib shell32.lib ole32.lib oleaut32.lib uuid.lib odbc32.lib odbccp32.lib /MANIFEST /ManifestFile:"Debug\Modulo Aluno.exe.intermediate.manifest" /MANIFESTUAC:"level='asInvoker' uiAccess='false'" /DEBUG /PDB:"C:\Users\Matheus\Desktop\Modulo Aluno\Modulo Aluno\Debug\Modulo Aluno.pdb" /SUBSYSTEM:CONSOLE /TLBID:1 /DYNAMICBASE /NXCOMPAT /IMPLIB:"C:\Users\Matheus\Desktop\Modulo Aluno\Modulo Aluno\Debug\Modulo Aluno.lib" /MACHINE:X86 "Debug\Modulo Aluno.exe.embed.manifest.res"
         Debug\Aluno.obj
         Debug\TESTALN.obj
         ..\..\ArcaboucoTeste.lib
     1>LINK : warning LNK4098: defaultlib 'LIBCMT' conflicts with use of other libs; use /NODEFAULTLIB:library
         Modulo Aluno.vcxproj -> C:\Users\Matheus\Desktop\Modulo Aluno\Modulo Aluno\Debug\Modulo Aluno.exe
       FinalizeBuildStatus:
         Deleting file "Debug\Modulo Aluno.unsuccessfulbuild".
         Touching "Debug\Modulo Aluno.lastbuildstate".
     1>Done Building Project "C:\Users\Matheus\Desktop\Modulo Aluno\Modulo Aluno\Modulo Aluno\Modulo Aluno.vcxproj" (build target(s)).

Build succeeded.

Time Elapsed 00:00:06.19
